Arguments: 
  C:\Program Files\nodejs\node.exe C:\Users\jim\scoop\apps\yarn\current\Yarn\bin\yarn.js

PATH: 
  C:\Program Files\Git\mingw64\bin;C:\Program Files\Git\usr\bin;C:\Users\jim\bin;C:\Users\jim\scoop\apps\cmder\current\bin;C:\Users\jim\scoop\apps\cmder\current\vendor\bin;C:\Users\jim\scoop\apps\cmder\current\vendor\conemu-maximus5\ConEmu\Scripts;C:\Users\jim\scoop\apps\cmder\current\vendor\conemu-maximus5;C:\Users\jim\scoop\apps\cmder\current\vendor\conemu-maximus5\ConEmu;C:\Program Files (x86)\Intel\Intel(R) Management Engine Components\iCLS;C:\Program Files\Intel\Intel(R) Management Engine Components\iCLS;C:\Windows\system32;C:\Windows;C:\Windows\System32\Wbem;C:\Windows\System32\WindowsPowerShell\v1.0;C:\Windows\System32\OpenSSH;C:\Program Files (x86)\Intel\Intel(R) Management Engine Components\DAL;C:\Program Files\Intel\Intel(R) Management Engine Components\DAL;C:\Program Files (x86)\Intel\Intel(R) Management Engine Components\IPT;C:\Program Files\Intel\Intel(R) Management Engine Components\IPT;C:\Program Files (x86)\NVIDIA Corporation\PhysX\Common;C:\Program Files\NVIDIA Corporation\NVIDIA NvDLISR;C:\Program Files\nodejs;C:\ProgramData\chocolatey\bin;C:\tools\php71;C:\Program Files\Git\cmd;C:\Users\jim\scoop\apps\yarn\current\Yarn\bin;C:\Users\jim\scoop\persist\yarn\global\node_modules\.bin;C:\Users\jim\scoop\apps\yarn\1.15.2\bin;C:\Users\jim\scoop\shims;C:\Users\jim\AppData\Local\Microsoft\WindowsApps;C:\Users\jim\AppData\Local\Programs\Microsoft VS Code\bin;C:\Users\jim\AppData\Roaming\npm;C:\Program Files\Docker Toolbox;C:\Users\jim\AppData\Local\Google\Cloud SDK\google-cloud-sdk\bin;C:\Program Files\OpenVPN\bin;C:\Users\jim\scoop\apps\git\current\cmd;C:\Users\jim\scoop\apps\git\current\mingw64\bin;C:\Users\jim\scoop\apps\git\current\usr\bin;C:\Users\jim\scoop\apps\cmder\current

Yarn version: 
  1.15.2

Node version: 
  10.14.2

Platform: 
  win32 x64

Trace: 
  SyntaxError: C:\Users\jim\dev\tools\amplify-model-react\package.json: Unexpected token } in JSON at position 959
      at JSON.parse (<anonymous>)
      at C:\Users\jim\scoop\apps\yarn\1.15.2\Yarn\lib\cli.js:1625:59
      at Generator.next (<anonymous>)
      at step (C:\Users\jim\scoop\apps\yarn\1.15.2\Yarn\lib\cli.js:304:30)
      at C:\Users\jim\scoop\apps\yarn\1.15.2\Yarn\lib\cli.js:315:13

npm manifest: 
  {
    "name": "amplify-model-react",
    "version": "1.0.0",
    "license": "MIT",
    "main": "build/index",
    "peerDependencies": {
      "@material-ui/core": "^3.2.0",
      "react": "^16.8.0",
      "react-dom": "^16.8.0"
    },
    "dependencies": {
      "prop-types": "^15.7.2"
    },
    "devDependencies": {
      "@material-ui/core": "^3.2.0",
      "babel-cli": "^6.26.0",
      "babel-core": "^6.26.3",
      "babel-eslint": "^8.2.6",
      "babel-loader": "^7.1.4",
      "babel-plugin-transform-object-rest-spread": "^6.26.0",
      "babel-plugin-transform-react-jsx": "^6.24.1",
      "babel-preset-env": "^1.7.0",
      "babel-preset-react": "^6.5.0",
      "babel-preset-stage-2": "^6.5.0",
      "babel-runtime": "^6.26.0",
      "eslint": "^5.3.0",
      "eslint-config-airbnb": "^17.0.0",
      "eslint-plugin-import": "^2.13.0",
      "eslint-plugin-jsx-a11y": "^6.1.1",
      "eslint-plugin-react": "^7.10.0",
      "prop-types": "^15.6.2",
      "react": "^16.8.0",
      "react-dom": "^16.8.0"
  },
  }

yarn manifest: 
  No manifest

Lockfile: 
  # THIS IS AN AUTOGENERATED FILE. DO NOT EDIT THIS FILE DIRECTLY.
  # yarn lockfile v1
  
  
  "js-tokens@^3.0.0 || ^4.0.0":
    version "4.0.0"
    resolved "https://registry.yarnpkg.com/js-tokens/-/js-tokens-4.0.0.tgz#19203fb59991df98e3a287050d4647cdeaf32499"
    integrity sha512-RdJUflcE3cUzKiMqQgsCu06FPu9UdIJO0beYbPhHN4k6apgJtifcoCtT9bcxOpYBtpD2kCM6Sbzg4CausW/PKQ==
  
  loose-envify@^1.4.0:
    version "1.4.0"
    resolved "https://registry.yarnpkg.com/loose-envify/-/loose-envify-1.4.0.tgz#71ee51fa7be4caec1a63839f7e682d8132d30caf"
    integrity sha512-lyuxPGr/Wfhrlem2CL/UcnUc1zcqKAImBDzukY7Y5F/yQiNdko6+fRLevlw1HgMySw7f611UIY408EtxRSoK3Q==
    dependencies:
      js-tokens "^3.0.0 || ^4.0.0"
  
  object-assign@^4.1.1:
    version "4.1.1"
    resolved "https://registry.yarnpkg.com/object-assign/-/object-assign-4.1.1.tgz#2109adc7965887cfc05cbbd442cac8bfbb360863"
    integrity sha1-IQmtx5ZYh8/AXLvUQsrIv7s2CGM=
  
  prop-types@^15.7.2:
    version "15.7.2"
    resolved "https://registry.yarnpkg.com/prop-types/-/prop-types-15.7.2.tgz#52c41e75b8c87e72b9d9360e0206b99dcbffa6c5"
    integrity sha512-8QQikdH7//R2vurIJSutZ1smHYTcLpRWEOlHnzcWHmBYrOGUysKwSsrC89BCiFj3CbrfJ/nXFdJepOVrY1GCHQ==
    dependencies:
      loose-envify "^1.4.0"
      object-assign "^4.1.1"
      react-is "^16.8.1"
  
  react-is@^16.8.1:
    version "16.8.6"
    resolved "https://registry.yarnpkg.com/react-is/-/react-is-16.8.6.tgz#5bbc1e2d29141c9fbdfed456343fe2bc430a6a16"
    integrity sha512-aUk3bHfZ2bRSVFFbbeVS4i+lNPZr3/WM5jT2J5omUVV1zzcs1nAaf3l51ctA5FFvCRbhrH0bdAsRRQddFJZPtA==
